MCalendar/app/build/intermediates/manifest_merge_blame_file/debug/manifest-merger-blame-debug-report.txt
1<?xml version="1.0" encoding="utf-8"?>
2<manifest xmlns:android="http://schemas.android.com/apk/res/android"
3    package="luvina.net.mcalendar"
4    android:versionCode="1"
5    android:versionName="1.0" >
6
7    <uses-sdk
8        android:minSdkVersion="16"
8-->src\main\AndroidManifest.xml
9        android:targetSdkVersion="30" />
9-->src\main\AndroidManifest.xml
10
11    <uses-feature android:name="android.hardware.camera" />
11-->src\main\AndroidManifest.xml:5:5-60
11-->src\main\AndroidManifest.xml:5:19-57
12
13    <uses-permission android:name="android.permission.INTERNET" />
13-->src\main\AndroidManifest.xml:6:5-67
13-->src\main\AndroidManifest.xml:6:22-64
14    <uses-permission android:name="android.permission.ACCESS_FINE_LOCATION" />
14-->src\main\AndroidManifest.xml:7:5-79
14-->src\main\AndroidManifest.xml:7:22-76
15    <uses-permission android:name="android.permission.ACCESS_COARSE_LOCATION" />
15-->src\main\AndroidManifest.xml:8:5-81
15-->src\main\AndroidManifest.xml:8:22-78
16    <uses-permission android:name="android.permission.READ_EXTERNAL_STORAGE" />
16-->src\main\AndroidManifest.xml:9:5-80
16-->src\main\AndroidManifest.xml:9:22-77
17
18    <!-- Include required permissions for Google Maps API to run. -->
19    <uses-permission android:name="android.permission.ACCESS_NETWORK_STATE" />
19-->[com.google.android.gms:play-services-maps:17.0.0] AndroidManifest.xml:23:5-79
19-->[com.google.android.gms:play-services-maps:17.0.0] AndroidManifest.xml:23:22-76
20
21    <uses-feature
21-->[com.google.android.gms:play-services-maps:17.0.0] AndroidManifest.xml:26:5-28:35
22        android:glEsVersion="0x00020000"
22-->[com.google.android.gms:play-services-maps:17.0.0] AndroidManifest.xml:27:9-41
23        android:required="true" />
23-->[com.google.android.gms:play-services-maps:17.0.0] AndroidManifest.xml:28:9-32
24
25    <application
25-->src\main\AndroidManifest.xml:11:5-54:19
26        android:name="androidx.multidex.MultiDexApplication"
27        android:allowBackup="true"
27-->src\main\AndroidManifest.xml:12:9-35
28        android:appComponentFactory="androidx.core.app.CoreComponentFactory"
28-->[androidx.core:core:1.3.2] AndroidManifest.xml:24:18-86
29        android:debuggable="true"
30        android:icon="@mipmap/ic_app"
30-->src\main\AndroidManifest.xml:13:9-38
31        android:label="@string/app_name"
31-->src\main\AndroidManifest.xml:14:9-41
32        android:requestLegacyExternalStorage="true"
32-->src\main\AndroidManifest.xml:18:9-52
33        android:roundIcon="@mipmap/ic_app_round"
33-->src\main\AndroidManifest.xml:15:9-49
34        android:supportsRtl="true"
34-->src\main\AndroidManifest.xml:16:9-35
35        android:testOnly="true"
36        android:theme="@style/Theme.MCalendar" >
36-->src\main\AndroidManifest.xml:17:9-47
37        <meta-data
37-->src\main\AndroidManifest.xml:21:9-23:51
38            android:name="com.google.android.geo.API_KEY"
38-->src\main\AndroidManifest.xml:22:13-58
39            android:value="@string/key_map_api" />
39-->src\main\AndroidManifest.xml:23:13-48
40
41        <activity
41-->src\main\AndroidManifest.xml:25:9-33:20
42            android:name="luvina.net.mcalendar.activities.SplashScreenActivity"
42-->src\main\AndroidManifest.xml:26:13-60
43            android:screenOrientation="portrait" >
43-->src\main\AndroidManifest.xml:27:13-49
44            <intent-filter>
44-->src\main\AndroidManifest.xml:28:13-32:29
45                <action android:name="android.intent.action.MAIN" />
45-->src\main\AndroidManifest.xml:29:17-69
45-->src\main\AndroidManifest.xml:29:25-66
46
47                <category android:name="android.intent.category.LAUNCHER" />
47-->src\main\AndroidManifest.xml:31:17-77
47-->src\main\AndroidManifest.xml:31:27-74
48            </intent-filter>
49        </activity>
50        <activity
50-->src\main\AndroidManifest.xml:34:9-37:52
51            android:name="luvina.net.mcalendar.activities.HomeActivity"
51-->src\main\AndroidManifest.xml:35:13-52
52            android:label="@string/memo_calendar"
52-->src\main\AndroidManifest.xml:36:13-50
53            android:screenOrientation="portrait" />
53-->src\main\AndroidManifest.xml:37:13-49
54        <activity
54-->src\main\AndroidManifest.xml:38:9-40:52
55            android:name="luvina.net.mcalendar.activities.AddEventActivity"
55-->src\main\AndroidManifest.xml:39:13-56
56            android:screenOrientation="portrait" />
56-->src\main\AndroidManifest.xml:40:13-49
57        <activity
57-->src\main\AndroidManifest.xml:41:9-42:51
58            android:name="luvina.net.mcalendar.activities.AboutAppActivity"
58-->src\main\AndroidManifest.xml:41:19-62
59            android:screenOrientation="portrait" />
59-->src\main\AndroidManifest.xml:42:13-49
60
61        <receiver android:name="luvina.net.mcalendar.broadcastreceiver.MCalendarBroadcastReceiver" />
61-->src\main\AndroidManifest.xml:43:9-82
61-->src\main\AndroidManifest.xml:43:19-79
62
63        <provider
63-->src\main\AndroidManifest.xml:44:9-52:20
64            android:name="androidx.core.content.FileProvider"
64-->src\main\AndroidManifest.xml:45:13-62
65            android:authorities="luvina.net.mcalendar.fileprovider"
65-->src\main\AndroidManifest.xml:46:13-68
66            android:exported="false"
66-->src\main\AndroidManifest.xml:48:13-37
67            android:grantUriPermissions="true" >
67-->src\main\AndroidManifest.xml:47:13-47
68            <meta-data
68-->src\main\AndroidManifest.xml:49:13-51:57
69                android:name="android.support.FILE_PROVIDER_PATHS"
69-->src\main\AndroidManifest.xml:50:17-67
70                android:resource="@xml/provider_paths" />
70-->src\main\AndroidManifest.xml:51:17-55
71        </provider>
72
73        <!-- Needs to be explicitly declared on P+ -->
74        <uses-library
74-->[com.google.android.gms:play-services-maps:17.0.0] AndroidManifest.xml:33:9-35:40
75            android:name="org.apache.http.legacy"
75-->[com.google.android.gms:play-services-maps:17.0.0] AndroidManifest.xml:34:13-50
76            android:required="false" />
76-->[com.google.android.gms:play-services-maps:17.0.0] AndroidManifest.xml:35:13-37
77
78        <activity
78-->[com.google.android.gms:play-services-base:17.5.0] AndroidManifest.xml:23:9-26:75
79            android:name="com.google.android.gms.common.api.GoogleApiActivity"
79-->[com.google.android.gms:play-services-base:17.5.0] AndroidManifest.xml:24:13-79
80            android:exported="false"
80-->[com.google.android.gms:play-services-base:17.5.0] AndroidManifest.xml:25:13-37
81            android:theme="@android:style/Theme.Translucent.NoTitleBar" />
81-->[com.google.android.gms:play-services-base:17.5.0] AndroidManifest.xml:26:13-72
82
83        <meta-data
83-->[com.google.android.gms:play-services-basement:17.5.0] AndroidManifest.xml:23:9-25:69
84            android:name="com.google.android.gms.version"
84-->[com.google.android.gms:play-services-basement:17.5.0] AndroidManifest.xml:24:13-58
85            android:value="@integer/google_play_services_version" />
85-->[com.google.android.gms:play-services-basement:17.5.0] AndroidManifest.xml:25:13-66
86    </application>
87
88</manifest>